Configuring conduit-extra-1.1.17...
Building conduit-extra-1.1.17...
Preprocessing library conduit-extra-1.1.17...
[ 1 of 12] Compiling Data.Conduit.Zlib ( Data\Conduit\Zlib.hs, .stack-work\dist\ca59d0ab\build\Data\Conduit\Zlib.o )
[ 2 of 12] Compiling Data.Conduit.Text ( Data\Conduit\Text.hs, .stack-work\dist\ca59d0ab\build\Data\Conduit\Text.o )
[ 3 of 12] Compiling Data.Conduit.Network.UDP ( Data\Conduit\Network\UDP.hs, .stack-work\dist\ca59d0ab\build\Data\Conduit\Network\UDP.o )
[ 4 of 12] Compiling Data.Conduit.Network ( Data\Conduit\Network.hs, .stack-work\dist\ca59d0ab\build\Data\Conduit\Network.o )
[ 5 of 12] Compiling Data.Conduit.Lazy ( Data\Conduit\Lazy.hs, .stack-work\dist\ca59d0ab\build\Data\Conduit\Lazy.o )
[ 6 of 12] Compiling Data.Conduit.Foldl ( Data\Conduit\Foldl.hs, .stack-work\dist\ca59d0ab\build\Data\Conduit\Foldl.o )
[ 7 of 12] Compiling Data.Conduit.Filesystem ( Data\Conduit\Filesystem.hs, .stack-work\dist\ca59d0ab\build\Data\Conduit\Filesystem.o )
[ 8 of 12] Compiling Data.Conduit.ByteString.Builder ( Data\Conduit\ByteString\Builder.hs, .stack-work\dist\ca59d0ab\build\Data\Conduit\ByteString\Builder.o )
[ 9 of 12] Compiling Data.Conduit.Blaze ( Data\Conduit\Blaze.hs, .stack-work\dist\ca59d0ab\build\Data\Conduit\Blaze.o )
[10 of 12] Compiling Data.Conduit.Binary ( Data\Conduit\Binary.hs, .stack-work\dist\ca59d0ab\build\Data\Conduit\Binary.o )

Data\Conduit\Binary.hs:511:28: warning: [-Wdeprecations]
    In the use of `inlinePerformIO'
    (imported from Data.ByteString.Internal):
    Deprecated: "If you think you know what you are doing, use 'unsafePerformIO'. If you are sure you know what you are doing, use 'unsafeDupablePerformIO'. If you enjoy sharing an address space with a malevolent agent of chaos, try 'accursedUnutterablePerformIO'."

Data\Conduit\Binary.hs:513:20: warning: [-Wdeprecations]
    In the use of `inlinePerformIO'
    (imported from Data.ByteString.Internal):
    Deprecated: "If you think you know what you are doing, use 'unsafePerformIO'. If you are sure you know what you are doing, use 'unsafeDupablePerformIO'. If you enjoy sharing an address space with a malevolent agent of chaos, try 'accursedUnutterablePerformIO'."

Data\Conduit\Binary.hs:564:33: warning: [-Wname-shadowing]
    This binding for `bs' shadows the existing binding
      bound at Data\Conduit\Binary.hs:556:18

Data\Conduit\Binary.hs:578:36: warning: [-Wdeprecations]
    In the use of `inlinePerformIO'
    (imported from Data.ByteString.Internal):
    Deprecated: "If you think you know what you are doing, use 'unsafePerformIO'. If you are sure you know what you are doing, use 'unsafeDupablePerformIO'. If you enjoy sharing an address space with a malevolent agent of chaos, try 'accursedUnutterablePerformIO'."
[11 of 12] Compiling Data.Conduit.Process ( Data\Conduit\Process.hs, .stack-work\dist\ca59d0ab\build\Data\Conduit\Process.o )
[12 of 12] Compiling Data.Conduit.Attoparsec ( Data\Conduit\Attoparsec.hs, .stack-work\dist\ca59d0ab\build\Data\Conduit\Attoparsec.o )

Data\Conduit\Attoparsec.hs:77:5: warning: [-Wunused-top-binds]
    Defined but not used: `notEmpty'
Installing library in
C:\sr\snapshots\e46bddb7\lib\x86_64-windows-ghc-8.0.2\conduit-extra-1.1.17-Irhqq9SglT03HZXHbVWOz3
Registering conduit-extra-1.1.17...
